TN:
SF:src/extension.ts
FN:4,getFileExtensions
FN:9,(anonymous_7)
FN:10,(anonymous_8)
FN:16,initializeDecorators
FN:18,(anonymous_10)
FN:73,updateCompomintDecorations
FN:79,(anonymous_12)
FN:142,(anonymous_13)
FN:151,(anonymous_14)
FN:158,initializeSyntaxHighlighting
FN:168,(anonymous_16)
FN:177,(anonymous_17)
FN:178,(anonymous_18)
FN:186,activate
FN:202,(anonymous_20)
FN:232,(anonymous_21)
FN:238,(anonymous_22)
FN:251,(anonymous_23)
FN:296,(anonymous_24)
FN:354,(anonymous_25)
FN:371,(anonymous_26)
FN:424,(anonymous_27)
FN:443,(anonymous_28)
FN:459,(anonymous_29)
FN:563,(anonymous_30)
FN:572,(anonymous_31)
FN:577,(anonymous_32)
FN:578,(anonymous_33)
FN:584,(anonymous_34)
FN:585,(anonymous_35)
FN:586,(anonymous_36)
FN:594,(anonymous_37)
FN:618,(anonymous_38)
FN:642,(anonymous_39)
FN:652,(anonymous_40)
FN:746,validateTemplatesInDocument
FN:800,(anonymous_42)
FN:821,validateCompomintDelimiters
FN:998,(anonymous_44)
FN:1015,(anonymous_45)
FN:1033,(anonymous_46)
FN:1062,(anonymous_47)
FN:1066,(anonymous_48)
FN:1069,(anonymous_49)
FN:1074,(anonymous_50)
FN:1078,(anonymous_51)
FN:1092,(anonymous_52)
FN:1102,(anonymous_53)
FN:1103,(anonymous_54)
FN:1108,(anonymous_55)
FN:1116,(anonymous_56)
FN:1142,(anonymous_57)
FN:1165,(anonymous_58)
FN:1174,(anonymous_59)
FN:1180,(anonymous_60)
FN:1193,(anonymous_61)
FN:1207,(anonymous_62)
FN:1221,(anonymous_63)
FN:1240,(anonymous_64)
FN:1257,(anonymous_65)
FN:1268,(anonymous_66)
FN:1276,(anonymous_67)
FN:1294,(anonymous_68)
FN:1302,(anonymous_69)
FN:1334,(anonymous_70)
FN:1347,(anonymous_71)
FN:1381,(anonymous_72)
FN:1383,(anonymous_73)
FN:1400,(anonymous_74)
FN:1428,(anonymous_75)
FN:1441,(anonymous_76)
FN:1458,(anonymous_77)
FN:1466,(anonymous_78)
FN:1469,(anonymous_79)
FN:1477,(anonymous_80)
FN:1495,(anonymous_81)
FN:1498,(anonymous_82)
FN:1505,(anonymous_83)
FN:1506,(anonymous_84)
FN:1535,(anonymous_85)
FN:1541,(anonymous_86)
FN:1542,(anonymous_87)
FN:1579,(anonymous_88)
FN:1600,(anonymous_89)
FN:1612,(anonymous_90)
FN:1628,(anonymous_91)
FN:1759,(anonymous_92)
FN:1985,(anonymous_93)
FN:2009,(anonymous_94)
FN:2013,(anonymous_95)
FN:2014,(anonymous_96)
FN:2035,(anonymous_97)
FN:2160,(anonymous_98)
FN:2381,(anonymous_99)
FN:2504,(anonymous_100)
FN:2509,(anonymous_101)
FN:2524,(anonymous_102)
FN:2536,(anonymous_103)
FN:2539,(anonymous_104)
FN:2543,(anonymous_105)
FN:2554,(anonymous_106)
FN:2566,(anonymous_107)
FN:2818,(anonymous_108)
FN:2823,(anonymous_109)
FN:2838,(anonymous_110)
FN:2853,(anonymous_111)
FN:2868,(anonymous_112)
FN:2885,(anonymous_113)
FN:2903,(anonymous_114)
FN:3089,generateTemplateContent
FN:3206,extractSampleDataFromComment
FN:3238,findSampleDataInDocument
FN:3265,updateSampleDataForTemplate
FN:3266,(anonymous_119)
FN:3273,getSampleDataForTemplate
FN:3278,scanWorkspaceForSampleData
FN:3285,(anonymous_122)
FN:3314,deactivate
FN:3316,(anonymous_124)
FNF:119
FNH:0
FNDA:0,getFileExtensions
FNDA:0,(anonymous_7)
FNDA:0,(anonymous_8)
FNDA:0,initializeDecorators
FNDA:0,(anonymous_10)
FNDA:0,updateCompomintDecorations
FNDA:0,(anonymous_12)
FNDA:0,(anonymous_13)
FNDA:0,(anonymous_14)
FNDA:0,initializeSyntaxHighlighting
FNDA:0,(anonymous_16)
FNDA:0,(anonymous_17)
FNDA:0,(anonymous_18)
FNDA:0,activate
FNDA:0,(anonymous_20)
FNDA:0,(anonymous_21)
FNDA:0,(anonymous_22)
FNDA:0,(anonymous_23)
FNDA:0,(anonymous_24)
FNDA:0,(anonymous_25)
FNDA:0,(anonymous_26)
FNDA:0,(anonymous_27)
FNDA:0,(anonymous_28)
FNDA:0,(anonymous_29)
FNDA:0,(anonymous_30)
FNDA:0,(anonymous_31)
FNDA:0,(anonymous_32)
FNDA:0,(anonymous_33)
FNDA:0,(anonymous_34)
FNDA:0,(anonymous_35)
FNDA:0,(anonymous_36)
FNDA:0,(anonymous_37)
FNDA:0,(anonymous_38)
FNDA:0,(anonymous_39)
FNDA:0,(anonymous_40)
FNDA:0,validateTemplatesInDocument
FNDA:0,(anonymous_42)
FNDA:0,validateCompomintDelimiters
FNDA:0,(anonymous_44)
FNDA:0,(anonymous_45)
FNDA:0,(anonymous_46)
FNDA:0,(anonymous_47)
FNDA:0,(anonymous_48)
FNDA:0,(anonymous_49)
FNDA:0,(anonymous_50)
FNDA:0,(anonymous_51)
FNDA:0,(anonymous_52)
FNDA:0,(anonymous_53)
FNDA:0,(anonymous_54)
FNDA:0,(anonymous_55)
FNDA:0,(anonymous_56)
FNDA:0,(anonymous_57)
FNDA:0,(anonymous_58)
FNDA:0,(anonymous_59)
FNDA:0,(anonymous_60)
FNDA:0,(anonymous_61)
FNDA:0,(anonymous_62)
FNDA:0,(anonymous_63)
FNDA:0,(anonymous_64)
FNDA:0,(anonymous_65)
FNDA:0,(anonymous_66)
FNDA:0,(anonymous_67)
FNDA:0,(anonymous_68)
FNDA:0,(anonymous_69)
FNDA:0,(anonymous_70)
FNDA:0,(anonymous_71)
FNDA:0,(anonymous_72)
FNDA:0,(anonymous_73)
FNDA:0,(anonymous_74)
FNDA:0,(anonymous_75)
FNDA:0,(anonymous_76)
FNDA:0,(anonymous_77)
FNDA:0,(anonymous_78)
FNDA:0,(anonymous_79)
FNDA:0,(anonymous_80)
FNDA:0,(anonymous_81)
FNDA:0,(anonymous_82)
FNDA:0,(anonymous_83)
FNDA:0,(anonymous_84)
FNDA:0,(anonymous_85)
FNDA:0,(anonymous_86)
FNDA:0,(anonymous_87)
FNDA:0,(anonymous_88)
FNDA:0,(anonymous_89)
FNDA:0,(anonymous_90)
FNDA:0,(anonymous_91)
FNDA:0,(anonymous_92)
FNDA:0,(anonymous_93)
FNDA:0,(anonymous_94)
FNDA:0,(anonymous_95)
FNDA:0,(anonymous_96)
FNDA:0,(anonymous_97)
FNDA:0,(anonymous_98)
FNDA:0,(anonymous_99)
FNDA:0,(anonymous_100)
FNDA:0,(anonymous_101)
FNDA:0,(anonymous_102)
FNDA:0,(anonymous_103)
FNDA:0,(anonymous_104)
FNDA:0,(anonymous_105)
FNDA:0,(anonymous_106)
FNDA:0,(anonymous_107)
FNDA:0,(anonymous_108)
FNDA:0,(anonymous_109)
FNDA:0,(anonymous_110)
FNDA:0,(anonymous_111)
FNDA:0,(anonymous_112)
FNDA:0,(anonymous_113)
FNDA:0,(anonymous_114)
FNDA:0,generateTemplateContent
FNDA:0,extractSampleDataFromComment
FNDA:0,findSampleDataInDocument
FNDA:0,updateSampleDataForTemplate
FNDA:0,(anonymous_119)
FNDA:0,getSampleDataForTemplate
FNDA:0,scanWorkspaceForSampleData
FNDA:0,(anonymous_122)
FNDA:0,deactivate
FNDA:0,(anonymous_124)
DA:1,0
DA:2,0
DA:5,0
DA:6,0
DA:7,0
DA:9,0
DA:10,0
DA:14,0
DA:18,0
DA:20,0
DA:21,0
DA:22,0
DA:24,0
DA:74,0
DA:75,0
DA:77,0
DA:79,0
DA:80,0
DA:82,0
DA:85,0
DA:86,0
DA:103,0
DA:106,0
DA:109,0
DA:110,0
DA:111,0
DA:114,0
DA:115,0
DA:116,0
DA:117,0
DA:118,0
DA:119,0
DA:120,0
DA:121,0
DA:122,0
DA:123,0
DA:124,0
DA:125,0
DA:126,0
DA:127,0
DA:130,0
DA:138,0
DA:142,0
DA:143,0
DA:144,0
DA:145,0
DA:151,0
DA:152,0
DA:153,0
DA:159,0
DA:162,0
DA:163,0
DA:167,0
DA:169,0
DA:170,0
DA:176,0
DA:178,0
DA:179,0
DA:180,0
DA:186,0
DA:187,0
DA:190,0
DA:193,0
DA:196,0
DA:199,0
DA:202,0
DA:203,0
DA:205,0
DA:209,0
DA:210,0
DA:215,0
DA:218,0
DA:219,0
DA:224,0
DA:225,0
DA:232,0
DA:233,0
DA:236,0
DA:239,0
DA:240,0
DA:241,0
DA:243,0
DA:244,0
DA:249,0
DA:252,0
DA:253,0
DA:257,0
DA:258,0
DA:259,0
DA:260,0
DA:262,0
DA:263,0
DA:264,0
DA:265,0
DA:266,0
DA:270,0
DA:271,0
DA:275,0
DA:278,0
DA:279,0
DA:282,0
DA:283,0
DA:284,0
DA:285,0
DA:288,0
DA:289,0
DA:294,0
DA:297,0
DA:298,0
DA:299,0
DA:300,0
DA:303,0
DA:304,0
DA:305,0
DA:306,0
DA:307,0
DA:311,0
DA:312,0
DA:313,0
DA:316,0
DA:320,0
DA:321,0
DA:322,0
DA:324,0
DA:325,0
DA:329,0
DA:333,0
DA:334,0
DA:335,0
DA:339,0
DA:347,0
DA:348,0
DA:352,0
DA:355,0
DA:357,0
DA:358,0
DA:359,0
DA:362,0
DA:364,0
DA:365,0
DA:368,0
DA:372,0
DA:373,0
DA:375,0
DA:376,0
DA:378,0
DA:382,0
DA:383,0
DA:386,0
DA:389,0
DA:408,0
DA:412,0
DA:413,0
DA:417,0
DA:420,0
DA:421,0
DA:424,0
DA:425,0
DA:428,0
DA:433,0
DA:435,0
DA:436,0
DA:441,0
DA:444,0
DA:446,0
DA:447,0
DA:448,0
DA:451,0
DA:453,0
DA:456,0
DA:460,0
DA:461,0
DA:463,0
DA:464,0
DA:466,0
DA:470,0
DA:471,0
DA:474,0
DA:477,0
DA:496,0
DA:500,0
DA:501,0
DA:505,0
DA:508,0
DA:509,0
DA:510,0
DA:513,0
DA:514,0
DA:515,0
DA:516,0
DA:522,0
DA:524,0
DA:530,0
DA:531,0
DA:533,0
DA:538,0
DA:540,0
DA:541,0
DA:547,0
DA:553,0
DA:564,0
DA:565,0
DA:566,0
DA:572,0
DA:573,0
DA:574,0
DA:575,0
DA:577,0
DA:578,0
DA:581,0
DA:583,0
DA:584,0
DA:585,0
DA:586,0
DA:587,0
DA:590,0
DA:591,0
DA:594,0
DA:595,0
DA:600,0
DA:601,0
DA:602,0
DA:605,0
DA:608,0
DA:610,0
DA:611,0
DA:613,0
DA:615,0
DA:618,0
DA:619,0
DA:620,0
DA:621,0
DA:622,0
DA:628,0
DA:634,0
DA:638,0
DA:642,0
DA:643,0
DA:647,0
DA:653,0
DA:654,0
DA:656,0
DA:659,0
DA:660,0
DA:665,0
DA:666,0
DA:671,0
DA:672,0
DA:677,0
DA:678,0
DA:683,0
DA:684,0
DA:689,0
DA:690,0
DA:695,0
DA:696,0
DA:704,0
DA:705,0
DA:706,0
DA:708,0
DA:709,0
DA:714,0
DA:715,0
DA:720,0
DA:721,0
DA:726,0
DA:727,0
DA:732,0
DA:733,0
DA:741,0
DA:751,0
DA:752,0
DA:754,0
DA:756,0
DA:757,0
DA:760,0
DA:761,0
DA:762,0
DA:765,0
DA:766,0
DA:769,0
DA:770,0
DA:773,0
DA:774,0
DA:775,0
DA:776,0
DA:778,0
DA:780,0
DA:789,0
DA:793,0
DA:794,0
DA:795,0
DA:796,0
DA:797,0
DA:800,0
DA:801,0
DA:802,0
DA:813,0
DA:814,0
DA:817,0
DA:825,0
DA:826,0
DA:834,0
DA:836,0
DA:837,0
DA:838,0
DA:839,0
DA:841,0
DA:843,0
DA:849,0
DA:850,0
DA:852,0
DA:858,0
DA:859,0
DA:861,0
DA:867,0
DA:868,0
DA:870,0
DA:876,0
DA:877,0
DA:879,0
DA:885,0
DA:886,0
DA:888,0
DA:894,0
DA:895,0
DA:898,0
DA:900,0
DA:909,0
DA:910,0
DA:912,0
DA:920,0
DA:928,0
DA:930,0
DA:931,0
DA:934,0
DA:935,0
DA:938,0
DA:943,0
DA:944,0
DA:945,0
DA:952,0
DA:954,0
DA:955,0
DA:957,0
DA:966,0
DA:972,0
DA:973,0
DA:974,0
DA:975,0
DA:977,0
DA:986,0
DA:996,0
DA:999,0
DA:1000,0
DA:1001,0
DA:1002,0
DA:1004,0
DA:1005,0
DA:1006,0
DA:1007,0
DA:1013,0
DA:1016,0
DA:1017,0
DA:1018,0
DA:1019,0
DA:1021,0
DA:1022,0
DA:1023,0
DA:1024,0
DA:1025,0
DA:1031,0
DA:1034,0
DA:1035,0
DA:1036,0
DA:1037,0
DA:1038,0
DA:1040,0
DA:1041,0
DA:1042,0
DA:1043,0
DA:1044,0
DA:1054,0
DA:1056,0
DA:1059,0
DA:1060,0
DA:1067,0
DA:1068,0
DA:1069,0
DA:1070,0
DA:1075,0
DA:1079,0
DA:1081,0
DA:1082,0
DA:1084,0
DA:1085,0
DA:1087,0
DA:1089,0
DA:1093,0
DA:1094,0
DA:1096,0
DA:1097,0
DA:1100,0
DA:1102,0
DA:1103,0
DA:1104,0
DA:1105,0
DA:1108,0
DA:1110,0
DA:1111,0
DA:1112,0
DA:1117,0
DA:1118,0
DA:1119,0
DA:1120,0
DA:1123,0
DA:1124,0
DA:1126,0
DA:1127,0
DA:1129,0
DA:1130,0
DA:1131,0
DA:1133,0
DA:1135,0
DA:1136,0
DA:1137,0
DA:1138,0
DA:1139,0
DA:1142,0
DA:1143,0
DA:1146,0
DA:1147,0
DA:1150,0
DA:1155,0
DA:1160,0
DA:1162,0
DA:1166,0
DA:1167,0
DA:1168,0
DA:1171,0
DA:1174,0
DA:1175,0
DA:1176,0
DA:1179,0
DA:1180,0
DA:1181,0
DA:1182,0
DA:1186,0
DA:1187,0
DA:1190,0
DA:1193,0
DA:1195,0
DA:1196,0
DA:1197,0
DA:1200,0
DA:1202,0
DA:1203,0
DA:1207,0
DA:1209,0
DA:1216,0
DA:1220,0
DA:1221,0
DA:1222,0
DA:1223,0
DA:1224,0
DA:1227,0
DA:1228,0
DA:1229,0
DA:1230,0
DA:1231,0
DA:1232,0
DA:1233,0
DA:1235,0
DA:1240,0
DA:1241,0
DA:1243,0
DA:1244,0
DA:1246,0
DA:1247,0
DA:1248,0
DA:1250,0
DA:1255,0
DA:1257,0
DA:1258,0
DA:1260,0
DA:1264,0
DA:1267,0
DA:1268,0
DA:1269,0
DA:1270,0
DA:1271,0
DA:1276,0
DA:1277,0
DA:1279,0
DA:1282,0
DA:1283,0
DA:1286,0
DA:1290,0
DA:1293,0
DA:1294,0
DA:1295,0
DA:1296,0
DA:1297,0
DA:1302,0
DA:1303,0
DA:1305,0
DA:1306,0
DA:1313,0
DA:1314,0
DA:1318,0
DA:1320,0
DA:1322,0
DA:1328,0
DA:1333,0
DA:1334,0
DA:1335,0
DA:1336,0
DA:1342,0
DA:1348,0
DA:1349,0
DA:1352,0
DA:1353,0
DA:1354,0
DA:1355,0
DA:1357,0
DA:1368,0
DA:1374,0
DA:1379,0
DA:1381,0
DA:1388,0
DA:1389,0
DA:1391,0
DA:1396,0
DA:1397,0
DA:1400,0
DA:1401,0
DA:1402,0
DA:1404,0
DA:1405,0
DA:1407,0
DA:1408,0
DA:1410,0
DA:1411,0
DA:1412,0
DA:1414,0
DA:1416,0
DA:1417,0
DA:1419,0
DA:1420,0
DA:1422,0
DA:1423,0
DA:1429,0
DA:1430,0
DA:1432,0
DA:1433,0
DA:1434,0
DA:1435,0
DA:1437,0
DA:1442,0
DA:1443,0
DA:1444,0
DA:1445,0
DA:1449,0
DA:1454,0
DA:1455,0
DA:1459,0
DA:1460,0
DA:1463,0
DA:1467,0
DA:1469,0
DA:1470,0
DA:1478,0
DA:1479,0
DA:1482,0
DA:1485,0
DA:1492,0
DA:1496,0
DA:1498,0
DA:1499,0
DA:1500,0
DA:1502,0
DA:1505,0
DA:1506,0
DA:1509,0
DA:1510,0
DA:1516,0
DA:1525,0
DA:1527,0
DA:1536,0
DA:1538,0
DA:1541,0
DA:1542,0
DA:1545,0
DA:1546,0
DA:1552,0
DA:1562,0
DA:1573,0
DA:1576,0
DA:1579,0
DA:1580,0
DA:1581,0
DA:1582,0
DA:1586,0
DA:1588,0
DA:1593,0
DA:1595,0
DA:1596,0
DA:1601,0
DA:1602,0
DA:1604,0
DA:1605,0
DA:1620,0
DA:1628,0
DA:1759,0
DA:1986,0
DA:1987,0
DA:1994,0
DA:2002,0
DA:2010,0
DA:2013,0
DA:2014,0
DA:2016,0
DA:2017,0
DA:2018,0
DA:2022,0
DA:2027,0
DA:2035,0
DA:2160,0
DA:2381,0
DA:2500,0
DA:2505,0
DA:2506,0
DA:2514,0
DA:2516,0
DA:2521,0
DA:2524,0
DA:2525,0
DA:2527,0
DA:2528,0
DA:2530,0
DA:2531,0
DA:2537,0
DA:2538,0
DA:2539,0
DA:2540,0
DA:2544,0
DA:2545,0
DA:2546,0
DA:2549,0
DA:2550,0
DA:2555,0
DA:2556,0
DA:2558,0
DA:2559,0
DA:2567,0
DA:2814,0
DA:2819,0
DA:2820,0
DA:2828,0
DA:2830,0
DA:2835,0
DA:2838,0
DA:2839,0
DA:2841,0
DA:2842,0
DA:2844,0
DA:2845,0
DA:2847,0
DA:2848,0
DA:2854,0
DA:2857,0
DA:2862,0
DA:2865,0
DA:2869,0
DA:2872,0
DA:2873,0
DA:2879,0
DA:2886,0
DA:2887,0
DA:2888,0
DA:2889,0
DA:2890,0
DA:2892,0
DA:2893,0
DA:2904,0
DA:3090,0
DA:3092,0
DA:3105,0
DA:3124,0
DA:3157,0
DA:3194,0
DA:3207,0
DA:3209,0
DA:3210,0
DA:3211,0
DA:3215,0
DA:3216,0
DA:3217,0
DA:3220,0
DA:3221,0
DA:3224,0
DA:3226,0
DA:3232,0
DA:3233,0
DA:3239,0
DA:3240,0
DA:3243,0
DA:3246,0
DA:3247,0
DA:3250,0
DA:3251,0
DA:3252,0
DA:3253,0
DA:3258,0
DA:3262,0
DA:3266,0
DA:3267,0
DA:3268,0
DA:3274,0
DA:3279,0
DA:3280,0
DA:3281,0
DA:3284,0
DA:3285,0
DA:3287,0
DA:3288,0
DA:3290,0
DA:3291,0
DA:3292,0
DA:3293,0
DA:3296,0
DA:3297,0
DA:3298,0
DA:3299,0
DA:3300,0
DA:3304,0
DA:3305,0
DA:3308,0
DA:3314,0
DA:3316,0
LF:740
LH:0
BRDA:77,0,0,0
BRDA:114,1,0,0
BRDA:114,1,1,0
BRDA:116,2,0,0
BRDA:116,2,1,0
BRDA:118,3,0,0
BRDA:118,3,1,0
BRDA:120,4,0,0
BRDA:120,4,1,0
BRDA:122,5,0,0
BRDA:122,5,1,0
BRDA:124,6,0,0
BRDA:124,6,1,0
BRDA:126,7,0,0
BRDA:152,8,0,0
BRDA:162,9,0,0
BRDA:169,10,0,0
BRDA:179,11,0,0
BRDA:240,12,0,0
BRDA:240,12,1,0
BRDA:240,13,0,0
BRDA:240,13,1,0
BRDA:257,14,0,0
BRDA:257,14,1,0
BRDA:259,15,0,0
BRDA:259,15,1,0
BRDA:266,16,0,0
BRDA:267,17,0,0
BRDA:267,17,1,0
BRDA:282,18,0,0
BRDA:298,19,0,0
BRDA:305,20,0,0
BRDA:324,21,0,0
BRDA:324,22,0,0
BRDA:324,22,1,0
BRDA:333,23,0,0
BRDA:357,24,0,0
BRDA:357,25,0,0
BRDA:357,25,1,0
BRDA:372,26,0,0
BRDA:375,27,0,0
BRDA:382,28,0,0
BRDA:412,29,0,0
BRDA:446,30,0,0
BRDA:446,31,0,0
BRDA:446,31,1,0
BRDA:460,32,0,0
BRDA:463,33,0,0
BRDA:470,34,0,0
BRDA:500,35,0,0
BRDA:565,36,0,0
BRDA:565,37,0,0
BRDA:565,37,1,0
BRDA:581,38,0,0
BRDA:581,38,1,0
BRDA:595,39,0,0
BRDA:596,40,0,0
BRDA:596,40,1,0
BRDA:608,41,0,0
BRDA:613,42,0,0
BRDA:613,42,1,0
BRDA:621,43,0,0
BRDA:621,44,0,0
BRDA:621,44,1,0
BRDA:628,45,0,0
BRDA:629,46,0,0
BRDA:629,46,1,0
BRDA:629,46,2,0
BRDA:634,47,0,0
BRDA:635,48,0,0
BRDA:635,48,1,0
BRDA:654,49,0,0
BRDA:659,50,0,0
BRDA:659,50,1,0
BRDA:665,51,0,0
BRDA:665,51,1,0
BRDA:671,52,0,0
BRDA:671,52,1,0
BRDA:677,53,0,0
BRDA:677,53,1,0
BRDA:683,54,0,0
BRDA:683,54,1,0
BRDA:689,55,0,0
BRDA:689,55,1,0
BRDA:695,56,0,0
BRDA:695,57,0,0
BRDA:695,57,1,0
BRDA:705,58,0,0
BRDA:708,59,0,0
BRDA:708,59,1,0
BRDA:714,60,0,0
BRDA:714,60,1,0
BRDA:720,61,0,0
BRDA:720,61,1,0
BRDA:726,62,0,0
BRDA:726,62,1,0
BRDA:732,63,0,0
BRDA:754,64,0,0
BRDA:761,65,0,0
BRDA:778,66,0,0
BRDA:801,67,0,0
BRDA:839,68,0,0
BRDA:839,68,1,0
BRDA:839,69,0,0
BRDA:839,69,1,0
BRDA:841,70,0,0
BRDA:841,70,1,0
BRDA:850,71,0,0
BRDA:850,71,1,0
BRDA:859,72,0,0
BRDA:859,72,1,0
BRDA:868,73,0,0
BRDA:868,73,1,0
BRDA:877,74,0,0
BRDA:877,74,1,0
BRDA:886,75,0,0
BRDA:886,75,1,0
BRDA:895,76,0,0
BRDA:895,76,1,0
BRDA:898,77,0,0
BRDA:898,77,1,0
BRDA:898,78,0,0
BRDA:898,78,1,0
BRDA:910,79,0,0
BRDA:910,79,1,0
BRDA:934,80,0,0
BRDA:944,81,0,0
BRDA:944,81,1,0
BRDA:952,82,0,0
BRDA:952,82,1,0
BRDA:1079,83,0,0
BRDA:1079,83,1,0
BRDA:1082,84,0,0
BRDA:1082,84,1,0
BRDA:1085,85,0,0
BRDA:1096,86,0,0
BRDA:1104,87,0,0
BRDA:1118,88,0,0
BRDA:1146,89,0,0
BRDA:1167,90,0,0
BRDA:1167,91,0,0
BRDA:1167,91,1,0
BRDA:1181,92,0,0
BRDA:1186,93,0,0
BRDA:1200,94,0,0
BRDA:1200,94,1,0
BRDA:1202,95,0,0
BRDA:1222,96,0,0
BRDA:1228,97,0,0
BRDA:1228,97,1,0
BRDA:1231,98,0,0
BRDA:1231,99,0,0
BRDA:1231,99,1,0
BRDA:1241,100,0,0
BRDA:1244,101,0,0
BRDA:1244,101,1,0
BRDA:1246,102,0,0
BRDA:1247,103,0,0
BRDA:1258,104,0,0
BRDA:1260,105,0,0
BRDA:1260,105,1,0
BRDA:1270,106,0,0
BRDA:1282,107,0,0
BRDA:1286,108,0,0
BRDA:1286,108,1,0
BRDA:1296,109,0,0
BRDA:1320,110,0,0
BRDA:1320,111,0,0
BRDA:1320,111,1,0
BRDA:1333,112,0,0
BRDA:1333,113,0,0
BRDA:1333,113,1,0
BRDA:1402,114,0,0
BRDA:1402,114,1,0
BRDA:1402,114,2,0
BRDA:1402,114,3,0
BRDA:1402,114,4,0
BRDA:1410,115,0,0
BRDA:1432,116,0,0
BRDA:1432,116,1,0
BRDA:1478,117,0,0
BRDA:1482,118,0,0
BRDA:1482,118,1,0
BRDA:1500,119,0,0
BRDA:1502,120,0,0
BRDA:1502,120,1,0
BRDA:1538,121,0,0
BRDA:1538,121,1,0
BRDA:1581,122,0,0
BRDA:1604,123,0,0
BRDA:1986,124,0,0
BRDA:1986,124,1,0
BRDA:1986,125,0,0
BRDA:1986,125,1,0
BRDA:2010,126,0,0
BRDA:2010,126,1,0
BRDA:2525,127,0,0
BRDA:2525,127,1,0
BRDA:2549,128,0,0
BRDA:2558,129,0,0
BRDA:2839,130,0,0
BRDA:2839,130,1,0
BRDA:2839,130,2,0
BRDA:2892,131,0,0
BRDA:3090,132,0,0
BRDA:3090,132,1,0
BRDA:3090,132,2,0
BRDA:3090,132,3,0
BRDA:3090,132,4,0
BRDA:3210,133,0,0
BRDA:3216,134,0,0
BRDA:3250,135,0,0
BRDA:3250,136,0,0
BRDA:3250,136,1,0
BRDA:3252,137,0,0
BRDA:3267,138,0,0
BRDA:3274,139,0,0
BRDA:3274,139,1,0
BRDA:3280,140,0,0
BRDA:3298,141,0,0
BRDA:3298,141,1,0
BRF:221
BRH:0
end_of_record
